<?xml version="1.0" encoding="UTF-8"?>
<testng-results ignored="0" total="1" passed="1" failed="0" skipped="0">
  <reporter-output>
  </reporter-output>
  <suite started-at="2025-08-31T22:22:29 IST" name="Cucumber Test Suite" finished-at="2025-08-31T22:22:49 IST" duration-ms="19257">
    <groups>
      <group name="cucumber">
        <method signature="AbstractTestNGCucumberTests.runScenario(io.cucumber.testng.PickleWrapper,io.cucumber.testng.FeatureWrapper)[pri:0, instance:runners.ParallelRunner@76505305]" name="runScenario" class="io.cucumber.testng.AbstractTestNGCucumberTests"/>
      </group> <!-- cucumber -->
    </groups>
    <test started-at="2025-08-31T22:22:29 IST" name="Parallel Cucumber Tests" finished-at="2025-08-31T22:22:49 IST" duration-ms="19257">
      <class name="runners.ParallelRunner">
        <test-method is-config="true" signature="setUpClass(org.testng.ITestContext)[pri:0, instance:runners.ParallelRunner@76505305]" started-at="2025-08-31T22:22:29 IST" name="setUpClass" finished-at="2025-08-31T22:22:30 IST" duration-ms="410" status="PASS">
          <params>
            <param index="0">
              <value>
                <![CDATA[org.testng.TestRunner@75db5df9]]>
              </value>
            </param>
          </params>
          <reporter-output>
          </reporter-output>
        </test-method> <!-- setUpClass -->
        <test-method signature="runScenario(io.cucumber.testng.PickleWrapper,io.cucumber.testng.FeatureWrapper)[pri:0, instance:runners.ParallelRunner@76505305]" started-at="2025-08-31T22:22:30 IST" name="runScenario" description="Runs Cucumber Scenarios" data-provider="scenarios" finished-at="2025-08-31T22:22:48 IST" duration-ms="18444" status="PASS">
          <params>
            <param index="0">
              <value>
                <![CDATA["Successful login"]]>
              </value>
            </param>
            <param index="1">
              <value>
                <![CDATA["Login functionality"]]>
              </value>
            </param>
          </params>
          <reporter-output>
          </reporter-output>
        </test-method> <!-- runScenario -->
        <test-method is-config="true" signature="tearDownClass()[pri:0, instance:runners.ParallelRunner@76505305]" started-at="2025-08-31T22:22:48 IST" name="tearDownClass" finished-at="2025-08-31T22:22:49 IST" duration-ms="342" status="PASS">
          <reporter-output>
          </reporter-output>
        </test-method> <!-- tearDownClass -->
      </class> <!-- runners.ParallelRunner -->
    </test> <!-- Parallel Cucumber Tests -->
  </suite> <!-- Cucumber Test Suite -->
</testng-results>
